0 info it worked if it ends with ok
1 verbose cli [ '/usr/bin/node', '/usr/bin/npm', 'publish' ]
2 info using npm@3.5.2
3 info using node@v8.10.0
4 verbose publish [ '.' ]
5 silly cache add args [ '.', null ]
6 verbose cache add spec .
7 silly cache add parsed spec Result {
7 silly cache add   raw: '.',
7 silly cache add   scope: null,
7 silly cache add   name: null,
7 silly cache add   rawSpec: '.',
7 silly cache add   spec: '/home/dsd/devcamp-js-footer',
7 silly cache add   type: 'directory' }
8 verbose addLocalDirectory /home/dsd/.npm/devcamp-js-footer/0.1.0/package.tgz not in flight; packing
9 info lifecycle devcamp-js-footer@0.1.0~prepublish: devcamp-js-footer@0.1.0
10 silly lifecycle devcamp-js-footer@0.1.0~prepublish: no script for prepublish, continuing
11 verbose tar pack [ '/home/dsd/.npm/devcamp-js-footer/0.1.0/package.tgz',
11 verbose tar pack   '/home/dsd/devcamp-js-footer' ]
12 verbose tarball /home/dsd/.npm/devcamp-js-footer/0.1.0/package.tgz
13 verbose folder /home/dsd/devcamp-js-footer
14 verbose addLocalTarball adding from inside cache /home/dsd/.npm/devcamp-js-footer/0.1.0/package.tgz
15 silly cache afterAdd devcamp-js-footer@0.1.0
16 verbose afterAdd /home/dsd/.npm/devcamp-js-footer/0.1.0/package/package.json not in flight; writing
17 verbose afterAdd /home/dsd/.npm/devcamp-js-footer/0.1.0/package/package.json written
18 silly publish { name: 'devcamp-js-footer',
18 silly publish   version: '0.1.0',
18 silly publish   description: 'This package/module allows for dynamic footer to be generated for JS applications with an updated year and name.',
18 silly publish   main: 'index.js',
18 silly publish   scripts: { test: 'echo "Error: no test specified" && exit 1' },
18 silly publish   repository:
18 silly publish    { type: 'git',
18 silly publish      url: 'git+https://github.com/omgacat520/devcamp-js-footer.git' },
18 silly publish   keywords: [ 'footer' ],
18 silly publish   author:
18 silly publish    { name: 'Jake Ildefonso',
18 silly publish      email: 'omgacat520@gmail.com',
18 silly publish      url: 'http://www.stoplookingmeup.com' },
18 silly publish   license: 'MIT',
18 silly publish   bugs:
18 silly publish    { url: 'https://github.com/omgacat520/devcamp-js-footer/issues' },
18 silly publish   homepage: 'https://github.com/omgacat520/devcamp-js-footer#readme',
18 silly publish   dependencies: { moment: '^2.22.2' },
18 silly publish   readme: '## Devcamp JS Footer\n\n>This should be used in the following manner\n\n```javascript\nimport { footer } from \'devcamp-js-footer\'\n\nfooter(\'Some Name\');\n```',
18 silly publish   readmeFilename: 'README.md',
18 silly publish   _id: 'devcamp-js-footer@0.1.0',
18 silly publish   _shasum: '558aaadc26e242a55a6ea4ae463015a109bc910a',
18 silly publish   _from: '.' }
19 verbose getPublishConfig undefined
20 silly mapToRegistry name devcamp-js-footer
21 silly mapToRegistry using default registry
22 silly mapToRegistry registry https://registry.npmjs.org/
23 silly mapToRegistry uri https://registry.npmjs.org/devcamp-js-footer
24 verbose publish registryBase https://registry.npmjs.org/
25 silly publish uploading /home/dsd/.npm/devcamp-js-footer/0.1.0/package.tgz
26 verbose request uri https://registry.npmjs.org/devcamp-js-footer
27 verbose request sending authorization for write operation
28 info attempt registry request try #1 at 9:51:47 AM
29 verbose request using bearer token for auth
30 verbose request id 8a48e4b324a1092e
31 http request PUT https://registry.npmjs.org/devcamp-js-footer
32 http 403 https://registry.npmjs.org/devcamp-js-footer
33 verbose headers { date: 'Wed, 27 Jun 2018 15:51:47 GMT',
33 verbose headers   'content-type': 'application/json',
33 verbose headers   'transfer-encoding': 'chunked',
33 verbose headers   connection: 'keep-alive',
33 verbose headers   'set-cookie':
33 verbose headers    [ '__cfduid=ded035d37d37ddaa25a4e71987ba9fe081530114707; expires=Thu, 27-Jun-19 15:51:47 GMT; path=/; domain=.registry.npmjs.org; HttpOnly' ],
33 verbose headers   'cf-ray': '431913b83f64a040-SLC',
33 verbose headers   'expect-ct': 'max-age=604800, report-uri="https://report-uri.cloudflare.com/cdn-cgi/beacon/expect-ct"',
33 verbose headers   server: 'cloudflare',
33 verbose headers   'content-encoding': 'gzip' }
34 verbose request invalidating /home/dsd/.npm/registry.npmjs.org/devcamp-js-footer on PUT
35 error publish Failed PUT 403
36 verbose stack Error: You do not have permission to publish "devcamp-js-footer". Are you logged in as the correct user? : devcamp-js-footer
36 verbose stack     at makeError (/usr/share/npm/node_modules/npm-registry-client/lib/request.js:264:12)
36 verbose stack     at CachingRegistryClient.<anonymous> (/usr/share/npm/node_modules/npm-registry-client/lib/request.js:252:14)
36 verbose stack     at /usr/share/npm/node_modules/npm-registry-client/lib/request.js:178:7
36 verbose stack     at Gunzip.onEnd (zlib.js:131:5)
36 verbose stack     at emitNone (events.js:111:20)
36 verbose stack     at Gunzip.emit (events.js:208:7)
36 verbose stack     at endReadableNT (_stream_readable.js:1064:12)
36 verbose stack     at _combinedTickCallback (internal/process/next_tick.js:138:11)
36 verbose stack     at process._tickCallback (internal/process/next_tick.js:180:9)
37 verbose statusCode 403
38 verbose pkgid devcamp-js-footer
39 verbose cwd /home/dsd/devcamp-js-footer
40 error Linux 4.15.0-23-generic
41 error argv "/usr/bin/node" "/usr/bin/npm" "publish"
42 error node v8.10.0
43 error npm  v3.5.2
44 error code E403
45 error You do not have permission to publish "devcamp-js-footer". Are you logged in as the correct user? : devcamp-js-footer
46 error If you need help, you may report this error at:
46 error     <https://github.com/npm/npm/issues>
47 verbose exit [ 1, true ]
